TN:
SF:C:\Users\tft085\Desktop\Projects\PersonalWebsite\src\polyfills.ts
FNF:0
FNH:0
DA:58,1
LF:1
LH:1
BRF:0
BRH:0
end_of_record
TN:
SF:C:\Users\tft085\Desktop\Projects\PersonalWebsite\src\test.ts
FNF:0
FNH:0
DA:3,1
DA:4,1
DA:5,1
DA:13,1
DA:18,1
DA:20,1
LF:6
LH:6
BRF:0
BRH:0
end_of_record
TN:
SF:C:\Users\tft085\Desktop\Projects\PersonalWebsite\src\app\app.component.ts
FN:13,(anonymous_2)
FN:26,(anonymous_3)
FN:80,AppComponent
FN:64,(anonymous_5)
FN:68,(anonymous_6)
FN:72,(anonymous_7)
FN:76,(anonymous_8)
FN:90,(anonymous_9)
FN:95,(anonymous_10)
FN:109,(anonymous_11)
FN:114,(anonymous_12)
FN:138,(anonymous_13)
FN:157,(anonymous_14)
FN:162,(anonymous_15)
FN:168,(anonymous_16)
FN:174,(anonymous_17)
FN:179,(anonymous_18)
FN:192,(anonymous_19)
FN:204,(anonymous_20)
FN:209,(anonymous_21)
FN:213,(anonymous_22)
FN:217,(anonymous_23)
FN:221,(anonymous_24)
FN:225,(anonymous_25)
FN:229,(anonymous_26)
FN:233,(anonymous_27)
FN:237,(anonymous_28)
FN:249,(anonymous_29)
FN:257,(anonymous_30)
FNF:29
FNH:2
FNDA:1,(anonymous_2)
FNDA:1,(anonymous_3)
FNDA:0,AppComponent
FNDA:0,(anonymous_5)
FNDA:0,(anonymous_6)
FNDA:0,(anonymous_7)
FNDA:0,(anonymous_8)
FNDA:0,(anonymous_9)
FNDA:0,(anonymous_10)
FNDA:0,(anonymous_11)
FNDA:0,(anonymous_12)
FNDA:0,(anonymous_13)
FNDA:0,(anonymous_14)
FNDA:0,(anonymous_15)
FNDA:0,(anonymous_16)
FNDA:0,(anonymous_17)
FNDA:0,(anonymous_18)
FNDA:0,(anonymous_19)
FNDA:0,(anonymous_20)
FNDA:0,(anonymous_21)
FNDA:0,(anonymous_22)
FNDA:0,(anonymous_23)
FNDA:0,(anonymous_24)
FNDA:0,(anonymous_25)
FNDA:0,(anonymous_26)
FNDA:0,(anonymous_27)
FNDA:0,(anonymous_28)
FNDA:0,(anonymous_29)
FNDA:0,(anonymous_30)
DA:1,1
DA:7,1
DA:8,1
DA:10,1
DA:13,1
DA:14,1
DA:15,1
DA:16,1
DA:26,1
DA:28,0
DA:30,0
DA:32,0
DA:60,1
DA:62,1
DA:64,1
DA:65,0
DA:69,0
DA:72,1
DA:73,0
DA:77,0
DA:80,0
DA:81,0
DA:82,0
DA:83,0
DA:84,0
DA:85,0
DA:90,1
DA:92,0
DA:95,0
DA:96,0
DA:97,0
DA:98,0
DA:101,0
DA:102,0
DA:105,0
DA:106,0
DA:109,0
DA:110,0
DA:114,1
DA:115,0
DA:116,0
DA:117,0
DA:118,0
DA:121,0
DA:122,0
DA:126,0
DA:127,0
DA:128,0
DA:131,0
DA:132,0
DA:138,1
DA:139,0
DA:140,0
DA:142,0
DA:143,0
DA:145,0
DA:146,0
DA:148,0
DA:152,0
DA:153,0
DA:157,1
DA:158,0
DA:159,0
DA:161,0
DA:162,0
DA:163,0
DA:168,1
DA:169,0
DA:170,0
DA:171,0
DA:174,1
DA:175,0
DA:176,0
DA:179,1
DA:180,0
DA:181,0
DA:183,0
DA:184,0
DA:185,0
DA:186,0
DA:189,0
DA:192,1
DA:193,0
DA:195,0
DA:196,0
DA:198,0
DA:201,0
DA:204,1
DA:205,0
DA:206,0
DA:209,1
DA:210,0
DA:213,1
DA:214,0
DA:217,1
DA:218,0
DA:221,1
DA:222,0
DA:225,1
DA:226,0
DA:229,1
DA:230,0
DA:233,1
DA:234,0
DA:237,1
DA:238,0
DA:249,1
DA:250,0
DA:251,0
DA:254,0
DA:257,1
DA:258,0
DA:259,0
DA:260,0
DA:262,0
DA:265,1
LF:116
LH:33
BRDA:13,0,0,1
BRDA:13,0,1,1
BRDA:85,1,0,0
BRDA:85,1,1,0
BRDA:85,2,0,0
BRDA:85,2,1,0
BRDA:85,2,2,0
BRDA:96,3,0,0
BRDA:96,3,1,0
BRDA:101,4,0,0
BRDA:101,4,1,0
BRDA:101,5,0,0
BRDA:101,5,1,0
BRDA:115,6,0,0
BRDA:115,6,1,0
BRDA:116,7,0,0
BRDA:116,7,1,0
BRDA:117,8,0,0
BRDA:117,8,1,0
BRDA:121,9,0,0
BRDA:121,9,1,0
BRDA:126,10,0,0
BRDA:126,10,1,0
BRDA:127,11,0,0
BRDA:127,11,1,0
BRDA:131,12,0,0
BRDA:131,12,1,0
BRDA:142,13,0,0
BRDA:142,13,1,0
BRDA:145,14,0,0
BRDA:145,14,1,0
BRDA:152,15,0,0
BRDA:152,15,1,0
BRDA:161,16,0,0
BRDA:161,16,1,0
BRDA:183,17,0,0
BRDA:183,17,1,0
BRDA:183,18,0,0
BRDA:183,18,1,0
BRDA:195,19,0,0
BRDA:195,19,1,0
BRDA:206,20,0,0
BRDA:206,20,1,0
BRDA:250,21,0,0
BRDA:250,21,1,0
BRF:45
BRH:2
end_of_record
TN:
SF:C:\Users\tft085\Desktop\Projects\PersonalWebsite\src\app\about-page\about-page.component.ts
FN:8,(anonymous_2)
FN:10,AboutPageComponent
FN:12,(anonymous_4)
FNF:3
FNH:3
FNDA:1,(anonymous_2)
FNDA:1,AboutPageComponent
FNDA:1,(anonymous_4)
DA:1,1
DA:8,1
DA:12,1
DA:15,1
LF:4
LH:4
BRF:0
BRH:0
end_of_record
TN:
SF:C:\Users\tft085\Desktop\Projects\PersonalWebsite\src\app\contact-page\contact-page.component.ts
FN:8,(anonymous_2)
FN:10,ContactPageComponent
FN:12,(anonymous_4)
FNF:3
FNH:3
FNDA:1,(anonymous_2)
FNDA:1,ContactPageComponent
FNDA:1,(anonymous_4)
DA:1,1
DA:8,1
DA:12,1
DA:15,1
LF:4
LH:4
BRF:0
BRH:0
end_of_record
TN:
SF:C:\Users\tft085\Desktop\Projects\PersonalWebsite\src\app\home-page\home-page.component.ts
FN:9,(anonymous_2)
FN:22,HomePageComponent
FN:14,(anonymous_4)
FNF:3
FNH:3
FNDA:1,(anonymous_2)
FNDA:1,HomePageComponent
FNDA:1,(anonymous_4)
DA:1,1
DA:9,1
DA:11,1
DA:14,1
DA:15,1
DA:23,1
LF:6
LH:6
BRF:0
BRH:0
end_of_record
TN:
SF:C:\Users\tft085\Desktop\Projects\PersonalWebsite\src\app\models\topbar-menu-item.model.ts
FN:3,(anonymous_0)
FN:9,TopbarSelectItem
FNF:2
FNH:2
FNDA:1,(anonymous_0)
FNDA:4,TopbarSelectItem
DA:3,1
DA:10,4
DA:11,4
DA:12,4
DA:15,1
LF:5
LH:5
BRF:0
BRH:0
end_of_record
TN:
SF:C:\Users\tft085\Desktop\Projects\PersonalWebsite\src\app\projects-page\projects-page.component.ts
FN:8,(anonymous_2)
FN:10,ProjectsPageComponent
FN:12,(anonymous_4)
FNF:3
FNH:3
FNDA:1,(anonymous_2)
FNDA:1,ProjectsPageComponent
FNDA:1,(anonymous_4)
DA:1,1
DA:8,1
DA:12,1
DA:15,1
LF:4
LH:4
BRF:0
BRH:0
end_of_record
TN:
SF:C:\Users\tft085\Desktop\Projects\PersonalWebsite\src\app\services\menu.service.ts
FN:8,(anonymous_2)
FN:18,MenuService
FNF:2
FNH:2
FNDA:1,(anonymous_2)
FNDA:1,MenuService
DA:1,1
DA:3,1
DA:8,1
DA:10,1
DA:12,1
DA:14,1
DA:19,1
DA:41,1
LF:8
LH:8
BRF:0
BRH:0
end_of_record
TN:
SF:C:\Users\tft085\Desktop\Projects\PersonalWebsite\src\app\top-bar\top-bar.component.ts
FN:13,(anonymous_4)
FN:46,TopBarComponent
FN:21,(anonymous_6)
FN:25,(anonymous_7)
FN:37,(anonymous_8)
FN:40,(anonymous_9)
FN:59,(anonymous_10)
FN:63,(anonymous_11)
FN:46,(anonymous_13)
FNF:9
FNH:2
FNDA:1,(anonymous_4)
FNDA:0,TopBarComponent
FNDA:0,(anonymous_6)
FNDA:0,(anonymous_7)
FNDA:0,(anonymous_8)
FNDA:0,(anonymous_9)
FNDA:0,(anonymous_10)
FNDA:0,(anonymous_11)
FNDA:2,(anonymous_13)
DA:1,1
DA:2,1
DA:4,1
DA:5,1
DA:6,1
DA:13,1
DA:15,0
DA:17,0
DA:21,1
DA:22,0
DA:26,0
DA:36,0
DA:37,2
DA:38,0
DA:39,0
DA:40,0
DA:41,0
DA:46,2
DA:47,0
DA:48,0
DA:49,0
DA:51,0
DA:52,0
DA:53,0
DA:54,0
DA:59,1
DA:60,0
DA:63,1
DA:64,0
DA:67,1
LF:30
LH:12
BRDA:52,0,0,0
BRDA:52,0,1,0
BRDA:53,1,0,0
BRDA:53,1,1,0
BRDA:38,2,0,0
BRDA:38,2,1,0
BRF:6
BRH:0
end_of_record
TN:
SF:C:\Users\tft085\Desktop\Projects\PersonalWebsite\src\app\top-menu\top-menu.component.ts
FN:14,(anonymous_4)
FN:22,TopMenuComponent
FN:29,(anonymous_6)
FN:34,(anonymous_7)
FN:40,(anonymous_8)
FN:22,(anonymous_10)
FNF:6
FNH:2
FNDA:1,(anonymous_4)
FNDA:0,TopMenuComponent
FNDA:0,(anonymous_6)
FNDA:0,(anonymous_7)
FNDA:0,(anonymous_8)
FNDA:2,(anonymous_10)
DA:1,1
DA:2,1
DA:4,1
DA:5,1
DA:6,1
DA:14,1
DA:22,2
DA:23,0
DA:24,0
DA:25,0
DA:27,0
DA:28,0
DA:29,0
DA:30,0
DA:34,1
DA:35,0
DA:36,0
DA:40,1
DA:41,0
DA:42,0
DA:43,0
DA:44,0
DA:51,0
DA:54,1
LF:24
LH:10
BRDA:35,0,0,0
BRDA:35,0,1,0
BRDA:42,1,0,0
BRDA:42,1,1,0
BRDA:43,2,0,0
BRDA:43,2,1,0
BRF:6
BRH:0
end_of_record
